[26Jun2026 23:30:44.288] [main/INFO] [cpw.mods.modlauncher.Launcher/MODLAUNCHER]: ModLauncher running: args [--launchTarget, forgeserver, --fml.neoForgeVersion, 21.1.230, --fml.fmlVersion, 4.0.42, --fml.mcVersion, 1.21.1, --fml.neoFormVersion, 20240808.144430]
[26Jun2026 23:30:44.291] [main/INFO] [cpw.mods.modlauncher.Launcher/MODLAUNCHER]: JVM identified as Microsoft OpenJDK 64-Bit Server VM 25.0.2+10-LTS
[26Jun2026 23:30:44.293] [main/INFO] [cpw.mods.modlauncher.Launcher/MODLAUNCHER]: ModLauncher 11.0.5+main.901c6ea8 starting: java version 25.0.2 by Microsoft; OS Linux arch amd64 version 6.8.0-1052-azure
[26Jun2026 23:30:44.860] [main/INFO] [net.neoforged.fml.loading.ImmediateWindowHandler/]: ImmediateWindowProvider not loading because launch target is forgeserver
[26Jun2026 23:30:45.077] [main/INFO] [mixin/]: SpongePowered MIXIN Subsystem Version=0.8.7 Source=union:/workspaces/codespaces-blank/neoforge-server/libraries/net/fabricmc/sponge-mixin/0.15.2+mixin.0.8.7/sponge-mixin-0.15.2+mixin.0.8.7.jar%2373!/ Service=ModLauncher Env=SERVER
[26Jun2026 23:30:46.202] [main/INFO] [net.neoforged.fml.loading.moddiscovery.ModDiscoverer/SCAN]: Found mod file "server-1.21.1-20240808.144430-srg.jar" [locator: production server provider +net.neoforged:neoforge:21.1.230:server]
[26Jun2026 23:30:46.259] [main/INFO] [net.neoforged.fml.loading.moddiscovery.ModDiscoverer/SCAN]: Found mod file "neoforge-21.1.230-universal.jar" [locator: PathBasedLocator[name=neoforge, paths=[libraries/net/neoforged/neoforge/21.1.230/neoforge-21.1.230-universal.jar]], reader: mod manifest]
[26Jun2026 23:30:46.298] [main/INFO] [net.neoforged.fml.loading.moddiscovery.ModDiscoverer/SCAN]: Found mod file "aeroworks-1.2.11.jar" [locator: {mods folder locator at /workspaces/codespaces-blank/neoforge-server/mods}, reader: mod manifest]
[26Jun2026 23:30:46.312] [main/INFO] [net.neoforged.fml.loading.moddiscovery.ModDiscoverer/SCAN]: Found mod file "architectury-13.0.8-neoforge.jar" [locator: {mods folder locator at /workspaces/codespaces-blank/neoforge-server/mods}, reader: mod manifest]
[26Jun2026 23:30:46.328] [main/INFO] [net.neoforged.fml.loading.moddiscovery.ModDiscoverer/SCAN]: Found mod file "chisels-and-bits-neoforge-21.1.32.jar" [locator: {mods folder locator at /workspaces/codespaces-blank/neoforge-server/mods}, reader: mod manifest]
[26Jun2026 23:30:46.339] [main/INFO] [net.neoforged.fml.loading.moddiscovery.ModDiscoverer/SCAN]: Found mod file "cloth-config-15.0.140-neoforge.jar" [locator: {mods folder locator at /workspaces/codespaces-blank/neoforge-server/mods}, reader: mod manifest]
[26Jun2026 23:30:46.360] [main/INFO] [net.neoforged.fml.loading.moddiscovery.ModDiscoverer/SCAN]: Found mod file "connectedglass-1.1.14-neoforge-mc1.21.jar" [locator: {mods folder locator at /workspaces/codespaces-blank/neoforge-server/mods}, reader: mod manifest]
[26Jun2026 23:30:46.388] [main/INFO] [net.neoforged.fml.loading.moddiscovery.ModDiscoverer/SCAN]: Found mod file "create-1.21.1-6.0.10.jar" [locator: {mods folder locator at /workspaces/codespaces-blank/neoforge-server/mods}, reader: mod manifest]
[26Jun2026 23:30:46.396] [main/INFO] [net.neoforged.fml.loading.moddiscovery.ModDiscoverer/SCAN]: Found mod file "create-aeronautics-bundled-1.21.1-1.3.0.jar" [locator: {mods folder locator at /workspaces/codespaces-blank/neoforge-server/mods}, reader: mod manifest]
[26Jun2026 23:30:46.410] [main/INFO] [net.neoforged.fml.loading.moddiscovery.ModDiscoverer/SCAN]: Found mod file "create_connected-1.2.2-mc1.21.1.jar" [locator: {mods folder locator at /workspaces/codespaces-blank/neoforge-server/mods}, reader: mod manifest]
[26Jun2026 23:30:46.418] [main/INFO] [net.neoforged.fml.loading.moddiscovery.ModDiscoverer/SCAN]: Found mod file "createpropulsion-1.1.4.jar" [locator: {mods folder locator at /workspaces/codespaces-blank/neoforge-server/mods}, reader: mod manifest]
[26Jun2026 23:30:46.430] [main/INFO] [net.neoforged.fml.loading.moddiscovery.ModDiscoverer/SCAN]: Found mod file "CreativeCore_NEOFORGE_v2.13.41_mc1.21.1.jar" [locator: {mods folder locator at /workspaces/codespaces-blank/neoforge-server/mods}, reader: mod manifest]
[26Jun2026 23:30:46.443] [main/INFO] [net.neoforged.fml.loading.moddiscovery.ModDiscoverer/SCAN]: Found mod file "DoctorWhoMod-1.21.1-neoforge-1.0.16.jar" [locator: {mods folder locator at /workspaces/codespaces-blank/neoforge-server/mods}, reader: mod manifest]
[26Jun2026 23:30:46.446] [main/INFO] [net.neoforged.fml.loading.moddiscovery.ModDiscoverer/SCAN]: Found mod file "ForgeConfigAPIPort-v21.1.6-1.21.1-NeoForge.jar" [locator: {mods folder locator at /workspaces/codespaces-blank/neoforge-server/mods}, reader: mod manifest]
[26Jun2026 23:30:46.460] [main/INFO] [net.neoforged.fml.loading.moddiscovery.ModDiscoverer/SCAN]: Found mod file "fusion-1.2.12-neoforge-mc1.21.1.jar" [locator: {mods folder locator at /workspaces/codespaces-blank/neoforge-server/mods}, reader: mod manifest]
[26Jun2026 23:30:46.465] [main/INFO] [net.neoforged.fml.loading.moddiscovery.ModDiscoverer/SCAN]: Found mod file "ImmediatelyFast-NeoForge-1.6.10+1.21.1.jar" [locator: {mods folder locator at /workspaces/codespaces-blank/neoforge-server/mods}, reader: mod manifest]
[26Jun2026 23:30:46.475] [main/INFO] [net.neoforged.fml.loading.moddiscovery.ModDiscoverer/SCAN]: Found mod file "iris-neoforge-1.8.14-beta.1+mc1.21.1.jar" [locator: {mods folder locator at /workspaces/codespaces-blank/neoforge-server/mods}, reader: mod manifest]
[26Jun2026 23:30:46.482] [main/INFO] [net.neoforged.fml.loading.moddiscovery.ModDiscoverer/SCAN]: Found mod file "journeymap-neoforge-1.21.1-6.0.0-beta.83.jar" [locator: {mods folder locator at /workspaces/codespaces-blank/neoforge-server/mods}, reader: mod manifest]
[26Jun2026 23:30:46.491] [main/INFO] [net.neoforged.fml.loading.moddiscovery.ModDiscoverer/SCAN]: Found mod file "justanotherlibrarymod-1.0.8.jar" [locator: {mods folder locator at /workspaces/codespaces-blank/neoforge-server/mods}, reader: mod manifest]
[26Jun2026 23:30:46.494] [main/INFO] [net.neoforged.fml.loading.moddiscovery.ModDiscoverer/SCAN]: Found mod file "justzoom_neoforge_2.1.0_MC_1.21.1.jar" [locator: {mods folder locator at /workspaces/codespaces-blank/neoforge-server/mods}, reader: mod manifest]
[26Jun2026 23:30:46.498] [main/INFO] [net.neoforged.fml.loading.moddiscovery.ModDiscoverer/SCAN]: Found mod file "konkrete_neoforge_1.9.9_MC_1.21.jar" [locator: {mods folder locator at /workspaces/codespaces-blank/neoforge-server/mods}, reader: mod manifest]
[26Jun2026 23:30:46.508] [main/INFO] [net.neoforged.fml.loading.moddiscovery.ModDiscoverer/SCAN]: Found mod file "minedmx-1.5.1.jar" [locator: {mods folder locator at /workspaces/codespaces-blank/neoforge-server/mods}, reader: mod manifest]
[26Jun2026 23:30:46.515] [main/INFO] [net.neoforged.fml.loading.moddiscovery.ModDiscoverer/SCAN]: Found mod file "Pehkui-3.8.3+1.21-neoforge.jar" [locator: {mods folder locator at /workspaces/codespaces-blank/neoforge-server/mods}, reader: mod manifest]
[26Jun2026 23:30:46.527] [main/INFO] [net.neoforged.fml.loading.moddiscovery.ModDiscoverer/SCAN]: Found mod file "sable-neoforge-1.21.1-2.0.1.jar" [locator: {mods folder locator at /workspaces/codespaces-blank/neoforge-server/mods}, reader: mod manifest]
[26Jun2026 23:30:46.533] [main/INFO] [net.neoforged.fml.loading.moddiscovery.ModDiscoverer/SCAN]: Found mod file "simpleghostblocks-1.21.1-1.0.5.jar" [locator: {mods folder locator at /workspaces/codespaces-blank/neoforge-server/mods}, reader: mod manifest]
[26Jun2026 23:30:46.538] [main/INFO] [net.neoforged.fml.loading.moddiscovery.ModDiscoverer/SCAN]: Found mod file "supermartijn642configlib-1.1.8-neoforge-mc1.21.jar" [locator: {mods folder locator at /workspaces/codespaces-blank/neoforge-server/mods}, reader: mod manifest]
[26Jun2026 23:30:46.543] [main/INFO] [net.neoforged.fml.loading.moddiscovery.ModDiscoverer/SCAN]: Found mod file "supermartijn642corelib-1.1.21-neoforge-mc1.21.jar" [locator: {mods folder locator at /workspaces/codespaces-blank/neoforge-server/mods}, reader: mod manifest]
[26Jun2026 23:30:46.556] [main/INFO] [net.neoforged.fml.loading.moddiscovery.ModDiscoverer/SCAN]: Found mod file "worldedit-mod-7.3.8.jar" [locator: {mods folder locator at /workspaces/codespaces-blank/neoforge-server/mods}, reader: mod manifest]
[26Jun2026 23:30:48.157] [main/INFO] [net.neoforged.fml.loading.moddiscovery.locators.JarInJarDependencyLocator/]: Found 30 dependencies adding them to mods collection
[26Jun2026 23:30:48.157] [main/INFO] [net.neoforged.fml.loading.moddiscovery.ModDiscoverer/SCAN]: Found gamelibrary file "mixinextras-neoforge-0.5.3.jar" [parent: neoforge-21.1.230-universal.jar, locator: jarinjar, reader: mod manifest]
[26Jun2026 23:30:48.158] [main/INFO] [net.neoforged.fml.loading.moddiscovery.ModDiscoverer/SCAN]: Found gamelibrary file "scena-core-21.1.20.jar" [parent: neoforge-21.1.20.jar, locator: jarinjar, reader: mod manifest]
[26Jun2026 23:30:48.158] [main/INFO] [net.neoforged.fml.loading.moddiscovery.ModDiscoverer/SCAN]: Found mod file "fabric-api-base-0.4.42+d1308ded19.jar" [parent: iris-neoforge-1.8.14-beta.1+mc1.21.1.jar, locator: jarinjar, reader: mod manifest]
[26Jun2026 23:30:48.158] [main/INFO] [net.neoforged.fml.loading.moddiscovery.ModDiscoverer/SCAN]: Found mod file "fabric-renderer-api-v1-3.4.0+acb05a3919.jar" [parent: iris-neoforge-1.8.14-beta.1+mc1.21.1.jar, locator: jarinjar, reader: mod manifest]
[26Jun2026 23:30:48.158] [main/INFO] [net.neoforged.fml.loading.moddiscovery.ModDiscoverer/SCAN]: Found gamelibrary file "dev.ryanhcode.sable.sable-sable_rapier-1.21.1-2.0.1.jar" [parent: sable-neoforge-1.21.1-2.0.1.jar, locator: jarinjar, reader: mod manifest]
[26Jun2026 23:30:48.158] [main/INFO] [net.neoforged.fml.loading.moddiscovery.ModDiscoverer/SCAN]: Found library file "glsl-processor-0.2.3.jar" [parent: veil-neoforge-1.21.1-4.1.4.jar, locator: jarinjar]
[26Jun2026 23:30:48.158] [main/INFO] [net.neoforged.fml.loading.moddiscovery.ModDiscoverer/SCAN]: Found mod file "neoforge-21.1.20.jar" [parent: chisels-and-bits-neoforge-21.1.32.jar, locator: jarinjar, reader: mod manifest]
[26Jun2026 23:30:48.159] [main/INFO] [net.neoforged.fml.loading.moddiscovery.ModDiscoverer/SCAN]: Found mod file "ponder-neoforge-1.0.82+mc1.21.1.jar" [parent: create-1.21.1-6.0.10.jar, locator: jarinjar, reader: mod manifest]
[26Jun2026 23:30:48.159] [main/INFO] [net.neoforged.fml.loading.moddiscovery.ModDiscoverer/SCAN]: Found library file "net.neoforged.neoforge-coremods-21.1.230.jar" [parent: neoforge-21.1.230-universal.jar, locator: jarinjar, reader: mod manifest]
[26Jun2026 23:30:48.159] [main/INFO] [net.neoforged.fml.loading.moddiscovery.ModDiscoverer/SCAN]: Found library file "pngj-2.1.0.jar" [parent: journeymap-neoforge-1.21.1-6.0.0-beta.83.jar, locator: jarinjar]
[26Jun2026 23:30:48.159] [main/INFO] [net.neoforged.fml.loading.moddiscovery.ModDiscoverer/SCAN]: Found mod file "neoforge-21.1.5.jar" [parent: neoforge-21.1.20.jar, locator: jarinjar, reader: mod manifest]
[26Jun2026 23:30:48.161] [main/INFO] [net.neoforged.fml.loading.moddiscovery.ModDiscoverer/SCAN]: Found mod file "dev.eriksonn.aeronautics.aeronautics-neoforge-1.21.1-1.3.0.jar" [parent: create-aeronautics-bundled-1.21.1-1.3.0.jar, locator: jarinjar, reader: mod manifest]
[26Jun2026 23:30:48.161] [main/INFO] [net.neoforged.fml.loading.moddiscovery.ModDiscoverer/SCAN]: Found mod file "common-networking-neoforge-1.0.21-1.21.1.jar" [parent: journeymap-neoforge-1.21.1-6.0.0-beta.83.jar, locator: jarinjar, reader: mod manifest]
[26Jun2026 23:30:48.161] [main/INFO] [net.neoforged.fml.loading.moddiscovery.ModDiscoverer/SCAN]: Found library file "jcpp-1.4.14.jar" [parent: iris-neoforge-1.8.14-beta.1+mc1.21.1.jar, locator: jarinjar]
[26Jun2026 23:30:48.162] [main/INFO] [net.neoforged.fml.loading.moddiscovery.ModDiscoverer/SCAN]: Found library file "glsl-transformer-3.0.0-pre3.jar" [parent: iris-neoforge-1.8.14-beta.1+mc1.21.1.jar, locator: jarinjar]
[26Jun2026 23:30:48.162] [main/INFO] [net.neoforged.fml.loading.moddiscovery.ModDiscoverer/SCAN]: Found gamelibrary file "chisels-and-bits-api-21.1.32.jar" [parent: chisels-and-bits-neoforge-21.1.32.jar, locator: jarinjar, reader: mod manifest]
[26Jun2026 23:30:48.162] [main/INFO] [net.neoforged.fml.loading.moddiscovery.ModDiscoverer/SCAN]: Found gamelibrary file "chisels-and-bits-create-21.1.32.jar" [parent: chisels-and-bits-neoforge-21.1.32.jar, locator: jarinjar, reader: mod manifest]
[26Jun2026 23:30:48.162] [main/INFO] [net.neoforged.fml.loading.moddiscovery.ModDiscoverer/SCAN]: Found mod file "flywheel-neoforge-1.21.1-1.0.6.jar" [parent: create-1.21.1-6.0.10.jar, locator: jarinjar, reader: mod manifest]
[26Jun2026 23:30:48.164] [main/INFO] [net.neoforged.fml.loading.moddiscovery.ModDiscoverer/SCAN]: Found mod file "sable-companion-common-1.21.1-1.6.0.jar" [parent: sable-neoforge-1.21.1-2.0.1.jar, locator: jarinjar, reader: mod manifest]
[26Jun2026 23:30:48.164] [main/INFO] [net.neoforged.fml.loading.moddiscovery.ModDiscoverer/SCAN]: Found gamelibrary file "chisels-and-bits-core-21.1.32.jar" [parent: chisels-and-bits-neoforge-21.1.32.jar, locator: jarinjar, reader: mod manifest]
[26Jun2026 23:30:48.164] [main/INFO] [net.neoforged.fml.loading.moddiscovery.ModDiscoverer/SCAN]: Found mod file "fabric-block-view-api-v2-1.0.10+9afaaf8c19.jar" [parent: iris-neoforge-1.8.14-beta.1+mc1.21.1.jar, locator: jarinjar, reader: mod manifest]
[26Jun2026 23:30:48.164] [main/INFO] [net.neoforged.fml.loading.moddiscovery.ModDiscoverer/SCAN]: Found mod file "veil-neoforge-1.21.1-4.1.4.jar" [parent: sable-neoforge-1.21.1-2.0.1.jar, locator: jarinjar, reader: mod manifest]
[26Jun2026 23:30:48.165] [main/INFO] [net.neoforged.fml.loading.moddiscovery.ModDiscoverer/SCAN]: Found mod file "dev.simulated_team.simulated.simulated-neoforge-1.21.1-1.3.0.jar" [parent: create-aeronautics-bundled-1.21.1-1.3.0.jar, locator: jarinjar, reader: mod manifest]
[26Jun2026 23:30:48.165] [main/INFO] [net.neoforged.fml.loading.moddiscovery.ModDiscoverer/SCAN]: Found gamelibrary file "saecularia-caudices-core-21.1.5.jar" [parent: neoforge-21.1.5.jar, locator: jarinjar, reader: mod manifest]
[26Jun2026 23:30:48.165] [main/INFO] [net.neoforged.fml.loading.moddiscovery.ModDiscoverer/SCAN]: Found library file "Reflect-1.6.1+curseforge.jar" [parent: ImmediatelyFast-NeoForge-1.6.10+1.21.1.jar, locator: jarinjar]
[26Jun2026 23:30:48.165] [main/INFO] [net.neoforged.fml.loading.moddiscovery.ModDiscoverer/SCAN]: Found mod file "fabric-rendering-data-attachment-v1-0.3.48+73761d2e19.jar" [parent: iris-neoforge-1.8.14-beta.1+mc1.21.1.jar, locator: jarinjar, reader: mod manifest]
[26Jun2026 23:30:48.165] [main/INFO] [net.neoforged.fml.loading.moddiscovery.ModDiscoverer/SCAN]: Found library file "molang-compiler-3.1.1.19.jar" [parent: veil-neoforge-1.21.1-4.1.4.jar, locator: jarinjar]
[26Jun2026 23:30:48.165] [main/INFO] [net.neoforged.fml.loading.moddiscovery.ModDiscoverer/SCAN]: Found gamelibrary file "Registrate-MC1.21-1.3.0+67.jar" [parent: create-1.21.1-6.0.10.jar, locator: jarinjar, reader: mod manifest]
[26Jun2026 23:30:48.167] [main/INFO] [net.neoforged.fml.loading.moddiscovery.ModDiscoverer/SCAN]: Found mod file "journeymap-api-neoforge-2.0.0-1.21.1.jar" [parent: journeymap-neoforge-1.21.1-6.0.0-beta.83.jar, locator: jarinjar, reader: mod manifest]
[26Jun2026 23:30:48.168] [main/INFO] [net.neoforged.fml.loading.moddiscovery.ModDiscoverer/SCAN]: Found mod file "dev.ryanhcode.offroad.offroad-neoforge-1.21.1-1.3.0.jar" [parent: create-aeronautics-bundled-1.21.1-1.3.0.jar, locator: jarinjar, reader: mod manifest]
[26Jun2026 23:30:48.173] [main/INFO] [net.neoforged.fml.loading.moddiscovery.ModDiscoverer/]: 
     Mod List:
		Name Version (Mod Id)

		Architectury 13.0.8 (architectury)
		chisels-and-bits 21.1.32 (chiselsandbits)
		Cloth Config v15 API 15.0.140 (cloth_config)
		Common Networking 1.0.21-1.21.1 (commonnetworking)
		Connected Glass 1.1.14 (connectedglass)
		Create 6.0.10 (create)
		Create Aeronautics 1.3.0 (aeronautics)
		Create Aeronautics 1.3.0 (aeronautics_bundled)
		Create Offroad 1.3.0 (offroad)
		Create Propulsion: Simulated 1.1.4 (createpropulsion)
		Create Simulated 1.3.0 (simulated)
		Create: Aeroworks 1.2.11 (aeroworks)
		Create: Connected 1.2.2-mc1.21.1 (create_connected)
		CreativeCore 2.13.41 (creativecore)
		DoctorWhoMod 1.0.16 (dwm)
		Flywheel 1.0.6 (flywheel)
		Forge Config API Port 21.1.6 (forgeconfigapiport)
		Forgified Fabric API Base 0.4.42+d1308ded19 (fabric_api_base)
		Forgified Fabric BlockView API (v2) 1.0.10+9afaaf8c19 (fabric_block_view_api_v2)
		Forgified Fabric Renderer API (v1) 3.4.0+acb05a3919 (fabric_renderer_api_v1)
		Forgified Fabric Rendering Data Attachment (v1) 0.3.48+73761d2e19 (fabric_rendering_data_attachment_v1)
		Fusion 1.2.12 (fusion)
		ImmediatelyFast 1.6.10+1.21.1 (immediatelyfast)
		Iris 1.8.14-beta.1+mc1.21.1 (iris)
		Journeymap 1.21.1-6.0.0-beta.83 (journeymap)
		JourneyMap API 2.0.0-1.21.1 (journeymap_api)
		Just Zoom 2.1.0 (justzoom)
		JustAnotherLibraryMod 1.0.0 (justanotherlibrarymod)
		Konkrete 1.9.9 (konkrete)
		Minecraft 1.21.1 (minecraft)
		MineDMX 1.5.1 (minedmx)
		NeoForge 21.1.230 (neoforge)
		Pehkui 3.8.3+1.21-neoforge (pehkui)
		Ponder 1.0.82+mc1.21.1 (ponder)
		Sable 2.0.1 (sable)
		Sable Companion 1.6.0 (sablecompanion)
		Saecularia Caudices 21.1.5 (saeculariacaudices)
		scena 21.1.20 (scena)
		SimpleGhostBlocks 1.0.2 (simpleghostblocks)
		SuperMartijn642's Config Library 1.1.8 (supermartijn642configlib)
		SuperMartijn642's Core Lib 1.1.21 (supermartijn642corelib)
		Veil 4.1.4 (veil)
		WorldEdit 7.3.8+6939-7d32b45 (worldedit)
[26Jun2026 23:30:49.744] [main/INFO] [mixin/]: Compatibility level set to JAVA_21
[26Jun2026 23:30:50.109] [main/INFO] [cpw.mods.modlauncher.LaunchServiceHandler/MODLAUNCHER]: Launching target 'forgeserver' with arguments []
[26Jun2026 23:30:50.319] [main/WARN] [mixin/]: Reference map 'scena.refmap.json' for sc.mixins.json could not be read. If this is a development environment you can ignore this message
[26Jun2026 23:30:50.408] [main/WARN] [mixin/]: Reference map 'aeronautics.refmap.json' for aeronautics.mixins.json could not be read. If this is a development environment you can ignore this message
[26Jun2026 23:30:50.435] [main/WARN] [mixin/]: Reference map 'journeymap-refmap.json' for journeymap.mixins.json could not be read. If this is a development environment you can ignore this message
[26Jun2026 23:30:50.462] [main/WARN] [mixin/]: Reference map 'iris.refmap.json' for mixins.iris.json could not be read. If this is a development environment you can ignore this message
[26Jun2026 23:30:50.463] [main/WARN] [mixin/]: Reference map 'iris.refmap.json' for mixins.iris.fantastic.json could not be read. If this is a development environment you can ignore this message
[26Jun2026 23:30:50.466] [main/WARN] [mixin/]: Reference map 'iris.refmap.json' for mixins.iris.vertexformat.json could not be read. If this is a development environment you can ignore this message
[26Jun2026 23:30:50.473] [main/WARN] [mixin/]: Reference map 'iris.refmap.json' for iris-batched-entity-rendering.mixins.json could not be read. If this is a development environment you can ignore this message
[26Jun2026 23:30:50.476] [main/WARN] [mixin/]: Reference map 'iris.refmap.json' for mixins.iris.compat.sodium.json could not be read. If this is a development environment you can ignore this message
[26Jun2026 23:30:50.812] [main/WARN] [mixin/]: Reference map 'simulated.refmap.json' for simulated.mixins.json could not be read. If this is a development environment you can ignore this message
[26Jun2026 23:30:50.836] [main/WARN] [mixin/]: Reference map 'konkrete.refmap.json' for konkrete.mixins.json could not be read. If this is a development environment you can ignore this message
[26Jun2026 23:30:50.839] [main/WARN] [mixin/]: Reference map 'konkrete.refmap.json' for konkrete.neoforge.mixins.json could not be read. If this is a development environment you can ignore this message
[26Jun2026 23:30:50.841] [main/WARN] [mixin/]: Reference map 'offroad.refmap.json' for offroad.mixins.json could not be read. If this is a development environment you can ignore this message
[26Jun2026 23:30:51.120] [main/WARN] [mixin/]: Reference map 'create_connected.refmap.json' for create_connected.mixins.json could not be read. If this is a development environment you can ignore this message
[26Jun2026 23:30:51.122] [main/WARN] [mixin/]: Reference map 'scena.refmap.json' for scena.mixins.json could not be read. If this is a development environment you can ignore this message
[26Jun2026 23:30:51.123] [main/WARN] [mixin/]: Reference map 'creativecore.mixins.refmap.json' for creativecore.mixins.json could not be read. If this is a development environment you can ignore this message
[26Jun2026 23:30:51.125] [main/WARN] [mixin/]: Reference map 'creativecore.mixins.refmap.json' for creativecore.forge.mixins.json could not be read. If this is a development environment you can ignore this message
[26Jun2026 23:30:51.129] [main/WARN] [mixin/]: Reference map 'supermartijn642corelib.mixins.refmap.json' for supermartijn642corelib.mixins.json could not be read. If this is a development environment you can ignore this message
[26Jun2026 23:30:51.152] [main/WARN] [mixin/]: Reference map 'ponder.refmap.json' for ponder-common.mixins.json could not be read. If this is a development environment you can ignore this message
[26Jun2026 23:30:51.194] [main/INFO] [dev.ryanhcode.sable.mixin.AbstractSableMixinPlugin/]: Using Vanilla renderer mixins
[26Jun2026 23:30:51.195] [main/INFO] [dev.ryanhcode.sable.mixin.AbstractSableMixinPlugin/]: Using Vanilla renderer mixins
[26Jun2026 23:30:51.201] [main/WARN] [mixin/]: Reference map 'createpropulsion.refmap.json' for createpropulsion.mixins.json could not be read. If this is a development environment you can ignore this message
[26Jun2026 23:30:51.203] [main/WARN] [mixin/]: Reference map 'worldedit-neoforge.mixins.refmap.json' for worldedit-neoforge.mixins.json could not be read. If this is a development environment you can ignore this message
[26Jun2026 23:30:51.260] [main/WARN] [mixin/]: Reference map 'justzoom.refmap.json' for justzoom.mixins.json could not be read. If this is a development environment you can ignore this message
[26Jun2026 23:30:51.262] [main/WARN] [mixin/]: Reference map 'justzoom.refmap.json' for justzoom.neoforge.mixins.json could not be read. If this is a development environment you can ignore this message
[26Jun2026 23:30:53.135] [main/WARN] [mixin/]: Error loading class: mezz/jei/library/plugins/vanilla/ingredients/ItemStackListFactory (java.lang.ClassNotFoundException: mezz.jei.library.plugins.vanilla.ingredients.ItemStackListFactory)
[26Jun2026 23:30:53.276] [main/WARN] [mixin/]: Error loading class: com/copycatsplus/copycats/content/copycat/slab/CopycatSlabBlock (java.lang.ClassNotFoundException: com.copycatsplus.copycats.content.copycat.slab.CopycatSlabBlock)
[26Jun2026 23:30:53.276] [main/WARN] [mixin/]: @Mixin target com.copycatsplus.copycats.content.copycat.slab.CopycatSlabBlock was not found create_connected.mixins.json:compat.CopycatBlockMixin from mod create_connected
[26Jun2026 23:30:53.280] [main/WARN] [mixin/]: Error loading class: com/copycatsplus/copycats/content/copycat/board/CopycatBoardBlock (java.lang.ClassNotFoundException: com.copycatsplus.copycats.content.copycat.board.CopycatBoardBlock)
[26Jun2026 23:30:53.281] [main/WARN] [mixin/]: @Mixin target com.copycatsplus.copycats.content.copycat.board.CopycatBoardBlock was not found create_connected.mixins.json:compat.CopycatBlockMixin from mod create_connected
[26Jun2026 23:30:53.347] [main/WARN] [mixin/]: Error loading class: me/jellysquid/mods/lithium/common/ai/pathing/PathNodeDefaults (java.lang.ClassNotFoundException: me.jellysquid.mods.lithium.common.ai.pathing.PathNodeDefaults)
[26Jun2026 23:30:53.931] [main/ERROR] [net.neoforged.fml.common.asm.RuntimeDistCleaner/DISTXFORM]: Attempted to load class net/minecraft/client/multiplayer/ClientLevel for invalid dist DEDICATED_SERVER
[26Jun2026 23:30:53.934] [main/WARN] [mixin/]: Error loading class: net/minecraft/client/multiplayer/ClientLevel (java.lang.RuntimeException: Attempted to load class net/minecraft/client/multiplayer/ClientLevel for invalid dist DEDICATED_SERVER)
[26Jun2026 23:30:54.071] [main/ERROR] [net.neoforged.fml.common.asm.RuntimeDistCleaner/DISTXFORM]: Attempted to load class net/minecraft/client/multiplayer/ClientLevel for invalid dist DEDICATED_SERVER
[26Jun2026 23:30:54.074] [main/WARN] [mixin/]: Error loading class: net/minecraft/client/multiplayer/ClientLevel (java.lang.RuntimeException: Attempted to load class net/minecraft/client/multiplayer/ClientLevel for invalid dist DEDICATED_SERVER)
[26Jun2026 23:30:54.121] [main/ERROR] [net.neoforged.fml.common.asm.RuntimeDistCleaner/DISTXFORM]: Attempted to load class net/minecraft/client/multiplayer/ClientLevel for invalid dist DEDICATED_SERVER
[26Jun2026 23:30:54.124] [main/WARN] [mixin/]: Error loading class: net/minecraft/client/multiplayer/ClientLevel (java.lang.RuntimeException: Attempted to load class net/minecraft/client/multiplayer/ClientLevel for invalid dist DEDICATED_SERVER)
[26Jun2026 23:30:54.632] [main/WARN] [mixin/]: Error loading class: qouteall/imm_ptl/core/portal/Portal (java.lang.ClassNotFoundException: qouteall.imm_ptl.core.portal.Portal)
[26Jun2026 23:30:54.632] [main/WARN] [mixin/]: @Mixin target qouteall.imm_ptl.core.portal.Portal was not found dwm-common.mixins.json:MixinPortal from mod dwm
[26Jun2026 23:30:54.635] [main/WARN] [mixin/]: Error loading class: qouteall/imm_ptl/core/teleportation/ServerTeleportationManager (java.lang.ClassNotFoundException: qouteall.imm_ptl.core.teleportation.ServerTeleportationManager)
[26Jun2026 23:30:54.636] [main/WARN] [mixin/]: @Mixin target qouteall.imm_ptl.core.teleportation.ServerTeleportationManager was not found dwm-common.mixins.json:MixinServerTeleportationManager from mod dwm
[26Jun2026 23:30:54.898] [main/WARN] [mixin/]: Error loading class: org/jetbrains/annotations/ApiStatus$ScheduledForRemoval (java.lang.ClassNotFoundException: org.jetbrains.annotations.ApiStatus$ScheduledForRemoval)
[26Jun2026 23:30:54.973] [main/ERROR] [net.neoforged.fml.common.asm.RuntimeDistCleaner/DISTXFORM]: Attempted to load class net/minecraft/client/multiplayer/ClientLevel for invalid dist DEDICATED_SERVER
[26Jun2026 23:30:54.975] [main/WARN] [mixin/]: Error loading class: net/minecraft/client/multiplayer/ClientLevel (java.lang.RuntimeException: Attempted to load class net/minecraft/client/multiplayer/ClientLevel for invalid dist DEDICATED_SERVER)
[26Jun2026 23:30:54.981] [main/ERROR] [net.neoforged.fml.common.asm.RuntimeDistCleaner/DISTXFORM]: Attempted to load class net/minecraft/client/multiplayer/ClientLevel for invalid dist DEDICATED_SERVER
[26Jun2026 23:30:54.983] [main/WARN] [mixin/]: Error loading class: net/minecraft/client/multiplayer/ClientLevel (java.lang.RuntimeException: Attempted to load class net/minecraft/client/multiplayer/ClientLevel for invalid dist DEDICATED_SERVER)
[26Jun2026 23:30:55.023] [main/ERROR] [net.neoforged.fml.common.asm.RuntimeDistCleaner/DISTXFORM]: Attempted to load class net/minecraft/client/multiplayer/ClientLevel for invalid dist DEDICATED_SERVER
[26Jun2026 23:30:55.025] [main/WARN] [mixin/]: Error loading class: net/minecraft/client/multiplayer/ClientLevel (java.lang.RuntimeException: Attempted to load class net/minecraft/client/multiplayer/ClientLevel for invalid dist DEDICATED_SERVER)
[26Jun2026 23:30:55.031] [main/ERROR] [net.neoforged.fml.common.asm.RuntimeDistCleaner/DISTXFORM]: Attempted to load class net/minecraft/client/multiplayer/ClientLevel for invalid dist DEDICATED_SERVER
[26Jun2026 23:30:55.032] [main/WARN] [mixin/]: Error loading class: net/minecraft/client/multiplayer/ClientLevel (java.lang.RuntimeException: Attempted to load class net/minecraft/client/multiplayer/ClientLevel for invalid dist DEDICATED_SERVER)
[26Jun2026 23:30:55.059] [main/ERROR] [net.neoforged.fml.common.asm.RuntimeDistCleaner/DISTXFORM]: Attempted to load class net/minecraft/client/multiplayer/ClientLevel for invalid dist DEDICATED_SERVER
[26Jun2026 23:30:55.060] [main/WARN] [mixin/]: Error loading class: net/minecraft/client/multiplayer/ClientLevel (java.lang.RuntimeException: Attempted to load class net/minecraft/client/multiplayer/ClientLevel for invalid dist DEDICATED_SERVER)
[26Jun2026 23:30:55.064] [main/ERROR] [net.neoforged.fml.common.asm.RuntimeDistCleaner/DISTXFORM]: Attempted to load class net/minecraft/client/multiplayer/ClientLevel for invalid dist DEDICATED_SERVER
[26Jun2026 23:30:55.065] [main/WARN] [mixin/]: Error loading class: net/minecraft/client/multiplayer/ClientLevel (java.lang.RuntimeException: Attempted to load class net/minecraft/client/multiplayer/ClientLevel for invalid dist DEDICATED_SERVER)
[26Jun2026 23:30:56.216] [main/INFO] [MixinExtras|Service/]: Initializing MixinExtras via com.llamalad7.mixinextras.service.MixinExtrasServiceImpl(version=0.5.3).
[26Jun2026 23:31:03.799] [main/ERROR] [net.neoforged.fml.common.asm.RuntimeDistCleaner/DISTXFORM]: Attempted to load class net/minecraft/client/multiplayer/ClientLevel for invalid dist DEDICATED_SERVER
[26Jun2026 23:31:03.801] [main/WARN] [mixin/]: Error loading class: net/minecraft/client/multiplayer/ClientLevel (java.lang.RuntimeException: Attempted to load class net/minecraft/client/multiplayer/ClientLevel for invalid dist DEDICATED_SERVER)
[26Jun2026 23:31:03.814] [main/ERROR] [net.neoforged.fml.common.asm.RuntimeDistCleaner/DISTXFORM]: Attempted to load class net/minecraft/client/multiplayer/ClientLevel for invalid dist DEDICATED_SERVER
[26Jun2026 23:31:03.814] [main/WARN] [mixin/]: Error loading class: net/minecraft/client/multiplayer/ClientLevel (java.lang.RuntimeException: Attempted to load class net/minecraft/client/multiplayer/ClientLevel for invalid dist DEDICATED_SERVER)
[26Jun2026 23:31:03.832] [main/ERROR] [net.neoforged.fml.common.asm.RuntimeDistCleaner/DISTXFORM]: Attempted to load class net/minecraft/client/multiplayer/ClientLevel for invalid dist DEDICATED_SERVER
[26Jun2026 23:31:03.834] [main/WARN] [mixin/]: Error loading class: net/minecraft/client/multiplayer/ClientLevel (java.lang.RuntimeException: Attempted to load class net/minecraft/client/multiplayer/ClientLevel for invalid dist DEDICATED_SERVER)
[26Jun2026 23:31:15.756] [modloading-worker-0/INFO] [net.neoforged.neoforge.common.NeoForgeMod/NEOFORGE-MOD]: NeoForge mod loading, version 21.1.230, for MC 1.21.1
[26Jun2026 23:31:15.973] [modloading-worker-0/INFO] [Veil/]: Veil is initializing.
[26Jun2026 23:31:17.063] [modloading-worker-0/INFO] [de.keksuccino.konkrete.Konkrete/]: [KONKRETE] Loading v1.9.9 in server-side mode on NEOFORGE!
[26Jun2026 23:31:17.063] [modloading-worker-0/INFO] [de.keksuccino.konkrete.Konkrete/]: ---------------------------
[26Jun2026 23:31:17.063] [modloading-worker-0/INFO] [de.keksuccino.konkrete.Konkrete/]: KONKRETE SHIPS AND USES THE FOLLOWING LIBRARIES:
[26Jun2026 23:31:17.064] [modloading-worker-0/INFO] [de.keksuccino.konkrete.Konkrete/]:  
[26Jun2026 23:31:17.064] [modloading-worker-0/INFO] [de.keksuccino.konkrete.Konkrete/]: Open Imaging Copyright © 2014 Dhyan Blum.
[26Jun2026 23:31:17.064] [modloading-worker-0/INFO] [de.keksuccino.konkrete.Konkrete/]: Open Imaging is licensed under Apache-2.0.
[26Jun2026 23:31:17.066] [modloading-worker-0/INFO] [de.keksuccino.konkrete.Konkrete/]:  
[26Jun2026 23:31:17.067] [modloading-worker-0/INFO] [de.keksuccino.konkrete.Konkrete/]: JsonPath Copyright © 2017 Jayway.
[26Jun2026 23:31:17.067] [modloading-worker-0/INFO] [de.keksuccino.konkrete.Konkrete/]: JsonPath is licensed under Apache-2.0.
[26Jun2026 23:31:17.067] [modloading-worker-0/INFO] [de.keksuccino.konkrete.Konkrete/]:  
[26Jun2026 23:31:17.067] [modloading-worker-0/INFO] [de.keksuccino.konkrete.Konkrete/]: Json-smart Copyright © netplex.
[26Jun2026 23:31:17.067] [modloading-worker-0/INFO] [de.keksuccino.konkrete.Konkrete/]: Json-smart is licensed under Apache-2.0.
[26Jun2026 23:31:17.067] [modloading-worker-0/INFO] [de.keksuccino.konkrete.Konkrete/]:  
[26Jun2026 23:31:17.068] [modloading-worker-0/INFO] [de.keksuccino.konkrete.Konkrete/]: Exp4j Copyright © Frank Asseg.
[26Jun2026 23:31:17.068] [modloading-worker-0/INFO] [de.keksuccino.konkrete.Konkrete/]: Exp4j is licensed under Apache-2.0. https://github.com/fasseg/exp4j
[26Jun2026 23:31:17.068] [modloading-worker-0/INFO] [de.keksuccino.konkrete.Konkrete/]: ---------------------------
[26Jun2026 23:31:17.068] [modloading-worker-0/INFO] [de.keksuccino.konkrete.Konkrete/]: [KONKRETE] Server-side modules initialized and ready to use!
[26Jun2026 23:31:17.403] [modloading-worker-0/INFO] [scena-forge/]: Initialized scena-forge
[26Jun2026 23:31:17.419] [modloading-worker-0/INFO] [mod.chiselsandbits.forge.Forge/]: Initialized Chisels&Bits - Forge
[26Jun2026 23:31:17.469] [modloading-worker-0/INFO] [mod.chiselsandbits.registrars.ModBlockEntityTypes/]: Loaded block entity configuration.
[26Jun2026 23:31:17.480] [modloading-worker-0/INFO] [mod.chiselsandbits.registrars.ModBlocks/]: Loaded block configuration.
[26Jun2026 23:31:17.491] [modloading-worker-0/INFO] [mod.chiselsandbits.registrars.ModChiselModeGroups/]: Loaded chisel mode group configuration.
[26Jun2026 23:31:17.952] [modloading-worker-0/INFO] [com.simibubi.create.Create/]: Create 6.0.10 initializing! Commit hash: ac0c444d9828da3453ae8cc65338e8de063286fb
[26Jun2026 23:31:18.748] [modloading-worker-0/INFO] [mod.chiselsandbits.registrars.ModChiselModes/]: Loaded chisel mode configuration.
[26Jun2026 23:31:18.752] [modloading-worker-0/INFO] [mod.chiselsandbits.registrars.ModContainerTypes/]: Loaded container type configuration.
[26Jun2026 23:31:18.755] [modloading-worker-0/INFO] [mod.chiselsandbits.registrars.ModCreativeTabs/]: Loaded item group configuration.
[26Jun2026 23:31:18.790] [modloading-worker-0/INFO] [mod.chiselsandbits.registrars.ModItems/]: Loaded item configuration.
[26Jun2026 23:31:18.798] [modloading-worker-0/INFO] [mod.chiselsandbits.registrars.ModMetadataKeys/]: Loaded metadata key configuration.
[26Jun2026 23:31:18.808] [modloading-worker-0/INFO] [mod.chiselsandbits.registrars.ModModelProperties/]: Loaded model property configuration.
[26Jun2026 23:31:18.813] [modloading-worker-0/INFO] [mod.chiselsandbits.registrars.ModModificationOperation/]: Loaded modification operation configuration.
[26Jun2026 23:31:18.818] [modloading-worker-0/INFO] [mod.chiselsandbits.registrars.ModModificationOperationGroups/]: Loaded modification operation group configuration.
[26Jun2026 23:31:18.831] [modloading-worker-0/INFO] [mod.chiselsandbits.registrars.ModPatternPlacementTypes/]: Loaded pattern placement type configuration.
[26Jun2026 23:31:18.834] [modloading-worker-0/INFO] [mod.chiselsandbits.registrars.ModRecipeSerializers/]: Loaded recipe serializer configuration.
[26Jun2026 23:31:18.837] [modloading-worker-0/INFO] [mod.chiselsandbits.registrars.ModTags/]: Loaded tag configuration.
[26Jun2026 23:31:18.838] [modloading-worker-0/INFO] [mod.chiselsandbits.registrars.ModRecipeTypes/]: Registering recipe types.
[26Jun2026 23:31:18.857] [modloading-worker-0/INFO] [mod.chiselsandbits.registrars.ModChangeTypes/]: Loaded change type configuration.
[26Jun2026 23:31:18.921] [modloading-worker-0/INFO] [mod.chiselsandbits.registrars.ModMultiStateSnapshotTypes/]: Loaded change type configuration.
[26Jun2026 23:31:18.929] [modloading-worker-0/INFO] [mod.chiselsandbits.registrars.ModDataComponentTypes/]: Loaded data component types.
[26Jun2026 23:31:18.932] [modloading-worker-0/INFO] [mod.chiselsandbits.registrars.ModEventHandler/]: Registering event handlers
[26Jun2026 23:31:20.520] [modloading-worker-0/WARN] [de.keksuccino.justzoom.JustZoom/]: [JUST ZOOM] Disabling 'Just Zoom' since it's a client-side mod and current environment is server!
[26Jun2026 23:31:20.733] [modloading-worker-0/INFO] [dev.ryanhcode.sable.Sable/]: Sable loaded!
[26Jun2026 23:31:27.608] [modloading-worker-0/INFO] [com.romanbrady.minedmx.MineDMX/]: MineDMX initialization started!
[26Jun2026 23:31:28.086] [NeoForge Version Check/INFO] [net.neoforged.fml.VersionChecker/]: [journeymap] Starting version check at https://neoforge.curseupdate.com/32274/journeymap
[26Jun2026 23:31:28.442] [modloading-worker-0/INFO] [com.sk89q.worldedit.extension.platform.PlatformManager/]: Got request to register class com.sk89q.worldedit.neoforge.NeoForgePlatform with WorldEdit [com.sk89q.worldedit.extension.platform.PlatformManager@6665caa0]
[26Jun2026 23:31:28.446] [modloading-worker-0/INFO] [com.sk89q.worldedit.neoforge.NeoForgeWorldEdit/]: WorldEdit for NeoForge (version 7.3.8+6939-7d32b45) is loaded
[26Jun2026 23:31:28.987] [main/INFO] [com.mojang.authlib.yggdrasil.YggdrasilAuthenticationService/]: Environment: Environment[sessionHost=https://sessionserver.mojang.com, servicesHost=https://api.minecraftservices.com, name=PROD]
[26Jun2026 23:31:29.069] [NeoForge Version Check/INFO] [net.neoforged.fml.VersionChecker/]: [journeymap] Found status: BETA Current: 1.21.1-6.0.0-beta.83 Target: 1.21.1-6.0.0-beta.52
[26Jun2026 23:31:29.070] [NeoForge Version Check/INFO] [net.neoforged.fml.VersionChecker/]: [create_connected] Starting version check at https://raw.githubusercontent.com/hlysine/create_connected/main/update.json
[26Jun2026 23:31:29.177] [NeoForge Version Check/INFO] [net.neoforged.fml.VersionChecker/]: [create_connected] Found status: OUTDATED Current: 1.2.2-mc1.21.1 Target: 1.3.2-mc1.21.1
[26Jun2026 23:31:29.177] [NeoForge Version Check/INFO] [net.neoforged.fml.VersionChecker/]: [forgeconfigapiport] Starting version check at https://raw.githubusercontent.com/Fuzss/modresources/main/update/forgeconfigapiport.json
[26Jun2026 23:31:29.187] [NeoForge Version Check/INFO] [net.neoforged.fml.VersionChecker/]: [forgeconfigapiport] Found status: UP_TO_DATE Current: 21.1.6 Target: null
[26Jun2026 23:31:29.192] [NeoForge Version Check/INFO] [net.neoforged.fml.VersionChecker/]: [create] Starting version check at https://api.modrinth.com/updates/create/forge_updates.json?neoforge=only
[26Jun2026 23:31:29.340] [NeoForge Version Check/INFO] [net.neoforged.fml.VersionChecker/]: [create] Found status: OUTDATED Current: 6.0.10 Target: 6.0.10+mc1.21.1
[26Jun2026 23:31:29.340] [NeoForge Version Check/INFO] [net.neoforged.fml.VersionChecker/]: [chiselsandbits] Starting version check at https://curseupdate.com/231095/chiselsandbits?ml=neoforge
[26Jun2026 23:31:29.357] [main/WARN] [net.minecraft.server.packs.VanillaPackResourcesBuilder/]: Assets URL 'union:/workspaces/codespaces-blank/neoforge-server/libraries/net/minecraft/server/1.21.1-20240808.144430/server-1.21.1-20240808.144430-srg.jar%23143!/assets/.mcassetsroot' uses unexpected schema
[26Jun2026 23:31:29.358] [main/WARN] [net.minecraft.server.packs.VanillaPackResourcesBuilder/]: Assets URL 'union:/workspaces/codespaces-blank/neoforge-server/libraries/net/minecraft/server/1.21.1-20240808.144430/server-1.21.1-20240808.144430-srg.jar%23143!/data/.mcassetsroot' uses unexpected schema
[26Jun2026 23:31:29.438] [NeoForge Version Check/INFO] [net.neoforged.fml.VersionChecker/]: [chiselsandbits] Found status: OUTDATED Current: 21.1.32 Target: 21.1.33
[26Jun2026 23:31:29.533] [main/INFO] [com.simibubi.create.Create/]: Created 163 recipes which will be injected into the game
[26Jun2026 23:31:29.554] [main/INFO] [com.simibubi.create.Create/]: Created 6 tags which will be injected into the game
[26Jun2026 23:31:32.959] [Worker-Main-1/INFO] [com.sk89q.worldedit.extension.platform.PlatformCommandManager/]: Registering commands with com.sk89q.worldedit.neoforge.NeoForgePlatform
[26Jun2026 23:31:33.040] [Worker-Main-1/INFO] [dwm/]: Loaded 6/6 console rooms.
[26Jun2026 23:31:33.195] [Worker-Main-1/INFO] [dwm/]: Loaded 250 ars categories.
[26Jun2026 23:31:33.196] [Worker-Main-1/INFO] [dwm/]: Loaded 1342 ars rooms.
[26Jun2026 23:31:33.309] [Worker-Main-1/ERROR] [net.minecraft.tags.TagLoader/]: Couldn't load tag justanotherlibrarymod:steel as it is missing following references: 
	moremetals:steel_ingot (from mod/justanotherlibrarymod)
[26Jun2026 23:31:33.310] [Worker-Main-1/ERROR] [net.minecraft.tags.TagLoader/]: Couldn't load tag justanotherlibrarymod:legendary as it is missing following references: 
	progressionutils:core_aquatic (from mod/justanotherlibrarymod)
	progressionutils:core_withered (from mod/justanotherlibrarymod)
	progressionutils:core_draconic (from mod/justanotherlibrarymod)
	progressionutils:core_brokonium (from mod/justanotherlibrarymod)
[26Jun2026 23:31:33.311] [Worker-Main-1/ERROR] [net.minecraft.tags.TagLoader/]: Couldn't load tag justanotherlibrarymod:scorched as it is missing following references: 
	nethermaterials:scorched_metal_ingot (from mod/justanotherlibrarymod)
[26Jun2026 23:31:33.312] [Worker-Main-1/ERROR] [net.minecraft.tags.TagLoader/]: Couldn't load tag justanotherlibrarymod:lead as it is missing following references: 
	moremetals:lead_ingot (from mod/justanotherlibrarymod)
[26Jun2026 23:31:33.313] [Worker-Main-1/ERROR] [net.minecraft.tags.TagLoader/]: Couldn't load tag justanotherlibrarymod:chronium as it is missing following references: 
	justanotheroresmod:chronium_gem (from mod/justanotherlibrarymod)
[26Jun2026 23:31:33.313] [Worker-Main-1/ERROR] [net.minecraft.tags.TagLoader/]: Couldn't load tag justanotherlibrarymod:gems as it is missing following references: 
	progressionutils:maralite_gem (from mod/justanotherlibrarymod)
	progressionutils:taninite_gem (from mod/justanotherlibrarymod)
	progressionutils:strossnium_gem (from mod/justanotherlibrarymod)
	progressionutils:argoliem_gem (from mod/justanotherlibrarymod)
[26Jun2026 23:31:33.314] [Worker-Main-1/ERROR] [net.minecraft.tags.TagLoader/]: Couldn't load tag justanotherlibrarymod:epic as it is missing following references: 
	progressionutils:core_argoliem (from mod/justanotherlibrarymod)
	progressionutils:core_maralite (from mod/justanotherlibrarymod)
	progressionutils:core_strossnium (from mod/justanotherlibrarymod)
	progressionutils:core_taninite (from mod/justanotherlibrarymod)
	progressionutils:core_betium (from mod/justanotherlibrarymod)
	progressionutils:core_rubium (from mod/justanotherlibrarymod)
[26Jun2026 23:31:33.315] [Worker-Main-1/ERROR] [net.minecraft.tags.TagLoader/]: Couldn't load tag justanotherlibrarymod:common as it is missing following references: 
	progressionutils:shattered_glass (from mod/justanotherlibrarymod)
	progressionutils:broken_helmet (from mod/justanotherlibrarymod)
	progressionutils:broken_chestplate (from mod/justanotherlibrarymod)
	progressionutils:broken_leggings (from mod/justanotherlibrarymod)
	progressionutils:broken_boots (from mod/justanotherlibrarymod)
	progressionutils:broken_bow (from mod/justanotherlibrarymod)
	progressionutils:broken_shears (from mod/justanotherlibrarymod)
	progressionutils:torn_leather_breastplate (from mod/justanotherlibrarymod)
	progressionutils:old_fishing_rod (from mod/justanotherlibrarymod)
	progressionutils:broken_bottle (from mod/justanotherlibrarymod)
	progressionutils:pickaxe_head (from mod/justanotherlibrarymod)
	progressionutils:sword_piece (from mod/justanotherlibrarymod)
	progressionutils:blank_music_disc (from mod/justanotherlibrarymod)
	progressionutils:dead_root (from mod/justanotherlibrarymod)
[26Jun2026 23:31:33.316] [Worker-Main-1/ERROR] [net.minecraft.tags.TagLoader/]: Couldn't load tag justanotherlibrarymod:brokonium as it is missing following references: 
	progressionutils:brokonium (from mod/justanotherlibrarymod)
[26Jun2026 23:31:33.318] [Worker-Main-1/ERROR] [net.minecraft.tags.TagLoader/]: Couldn't load tag justanotherlibrarymod:inferno as it is missing following references: 
	nethermaterials:inferno_gem (from mod/justanotherlibrarymod)
[26Jun2026 23:31:33.319] [Worker-Main-1/ERROR] [net.minecraft.tags.TagLoader/]: Couldn't load tag justanotherlibrarymod:mocylite as it is missing following references: 
	justanotheroresmod:mocylite_gem (from mod/justanotherlibrarymod)
[26Jun2026 23:31:33.320] [Worker-Main-1/ERROR] [net.minecraft.tags.TagLoader/]: Couldn't load tag justanotherlibrarymod:resources as it is missing following references: 
	progressionutils:maralite_gem (from mod/justanotherlibrarymod)
	progressionutils:argoliem_gem (from mod/justanotherlibrarymod)
	progressionutils:betium_crystal (from mod/justanotherlibrarymod)
	progressionutils:rubium_crystal (from mod/justanotherlibrarymod)
	progressionutils:sampsonite_crystal (from mod/justanotherlibrarymod)
	progressionutils:taninite_gem (from mod/justanotherlibrarymod)
	progressionutils:strossnium_gem (from mod/justanotherlibrarymod)
	progressionutils:brokonium (from mod/justanotherlibrarymod)
	progressionutils:brokonium_dust (from mod/justanotherlibrarymod)
[26Jun2026 23:31:33.321] [Worker-Main-1/ERROR] [net.minecraft.tags.TagLoader/]: Couldn't load tag justanotherlibrarymod:dragonborn as it is missing following references: 
	progressionutils:dragon_wing (from mod/justanotherlibrarymod)
[26Jun2026 23:31:33.323] [Worker-Main-1/ERROR] [net.minecraft.tags.TagLoader/]: Couldn't load tag justanotherlibrarymod:crystals as it is missing following references: 
	progressionutils:betium_crystal (from mod/justanotherlibrarymod)
	progressionutils:rubium_crystal (from mod/justanotherlibrarymod)
	progressionutils:sampsonite_crystal (from mod/justanotherlibrarymod)
[26Jun2026 23:31:33.324] [Worker-Main-1/ERROR] [net.minecraft.tags.TagLoader/]: Couldn't load tag justanotherlibrarymod:rosium as it is missing following references: 
	justanotheroresmod:rosium_gem (from mod/justanotherlibrarymod)
[26Jun2026 23:31:33.327] [Worker-Main-1/ERROR] [net.minecraft.tags.TagLoader/]: Couldn't load tag justanotherlibrarymod:bronze as it is missing following references: 
	moremetals:bronze_ingot (from mod/justanotherlibrarymod)
[26Jun2026 23:31:33.330] [Worker-Main-1/ERROR] [net.minecraft.tags.TagLoader/]: Couldn't load tag justanotherlibrarymod:enderite as it is missing following references: 
	justanotheroresmod:enderite_gem (from mod/justanotherlibrarymod)
[26Jun2026 23:31:33.332] [Worker-Main-1/ERROR] [net.minecraft.tags.TagLoader/]: Couldn't load tag justanotherlibrarymod:sapphire as it is missing following references: 
	essentiallysapphire:sapphire (from mod/justanotherlibrarymod)
[26Jun2026 23:31:33.334] [Worker-Main-1/ERROR] [net.minecraft.tags.TagLoader/]: Couldn't load tag justanotherlibrarymod:withered as it is missing following references: 
	progressionutils:withered_soul (from mod/justanotherlibrarymod)
[26Jun2026 23:31:33.338] [Worker-Main-1/ERROR] [net.minecraft.tags.TagLoader/]: Couldn't load tag justanotherlibrarymod:zinc as it is missing following references: 
	moremetals:zinc_ingot (from mod/justanotherlibrarymod)
[26Jun2026 23:31:33.338] [Worker-Main-1/ERROR] [net.minecraft.tags.TagLoader/]: Couldn't load tag justanotherlibrarymod:silver as it is missing following references: 
	moremetals:silver_ingot (from mod/justanotherlibrarymod)
[26Jun2026 23:31:33.339] [Worker-Main-1/ERROR] [net.minecraft.tags.TagLoader/]: Couldn't load tag justanotherlibrarymod:aluminum as it is missing following references: 
	moremetals:aluminum_ingot (from mod/justanotherlibrarymod)
[26Jun2026 23:31:33.339] [Worker-Main-1/ERROR] [net.minecraft.tags.TagLoader/]: Couldn't load tag justanotherlibrarymod:mob_drops as it is missing following references: 
	progressionutils:spider_skin (from mod/justanotherlibrarymod)
	progressionutils:broken_bone (from mod/justanotherlibrarymod)
	progressionutils:piglin_ear (from mod/justanotherlibrarymod)
	progressionutils:creeper_heart (from mod/justanotherlibrarymod)
	progressionutils:zombie_eye (from mod/justanotherlibrarymod)
	progressionutils:guardian_tongue (from mod/justanotherlibrarymod)
	progressionutils:elder_guardian_shard (from mod/justanotherlibrarymod)
	progressionutils:elder_guardian_spike (from mod/justanotherlibrarymod)
	progressionutils:frog_leg (from mod/justanotherlibrarymod)
	progressionutils:withered_bone (from mod/justanotherlibrarymod)
	progressionutils:dragon_wing (from mod/justanotherlibrarymod)
	progressionutils:withered_soul (from mod/justanotherlibrarymod)
[26Jun2026 23:31:33.340] [Worker-Main-1/ERROR] [net.minecraft.tags.TagLoader/]: Couldn't load tag justanotherlibrarymod:tin as it is missing following references: 
	moremetals:tin_ingot (from mod/justanotherlibrarymod)
[26Jun2026 23:31:33.340] [Worker-Main-1/ERROR] [net.minecraft.tags.TagLoader/]: Couldn't load tag justanotherlibrarymod:nickel as it is missing following references: 
	moremetals:nickel_ingot (from mod/justanotherlibrarymod)
[26Jun2026 23:31:33.341] [Worker-Main-1/ERROR] [net.minecraft.tags.TagLoader/]: Couldn't load tag justanotherlibrarymod:aquatic as it is missing following references: 
	progressionutils:elder_guardian_shard (from mod/justanotherlibrarymod)
[26Jun2026 23:31:33.342] [Worker-Main-1/ERROR] [net.minecraft.tags.TagLoader/]: Couldn't load tag justanotherlibrarymod:rare as it is missing following references: 
	progressionutils:shards_of_desparity (from mod/justanotherlibrarymod)
	progressionutils:shard_fragment (from mod/justanotherlibrarymod)
	progressionutils:corrupted_powder (from mod/justanotherlibrarymod)
[26Jun2026 23:31:33.343] [Worker-Main-1/ERROR] [net.minecraft.tags.TagLoader/]: Couldn't load tag justanotherlibrarymod:treasure as it is missing following references: 
	progressionutils:bag_of_gold (from mod/justanotherlibrarymod)
	progressionutils:diamond_nugget (from mod/justanotherlibrarymod)
	progressionutils:emerald_nugget (from mod/justanotherlibrarymod)
	progressionutils:netherite_nugget (from mod/justanotherlibrarymod)
[26Jun2026 23:31:33.343] [Worker-Main-1/ERROR] [net.minecraft.tags.TagLoader/]: Couldn't load tag justanotherlibrarymod:utility as it is missing following references: 
	progressionutils:jar (from mod/justanotherlibrarymod)
	progressionutils:jar_of_sand (from mod/justanotherlibrarymod)
	progressionutils:jar_of_red_sand (from mod/justanotherlibrarymod)
	progressionutils:jar_of_dirt (from mod/justanotherlibrarymod)
	progressionutils:jar_of_gravel (from mod/justanotherlibrarymod)
	progressionutils:jar_of_clay (from mod/justanotherlibrarymod)
	progressionutils:obsidian_fragment (from mod/justanotherlibrarymod)
	progressionutils:scrap_metal (from mod/justanotherlibrarymod)
	progressionutils:scrap_golden (from mod/justanotherlibrarymod)
	progressionutils:scrap_copper (from mod/justanotherlibrarymod)
	progressionutils:shoestring (from mod/justanotherlibrarymod)
	progressionutils:tattered_cloth (from mod/justanotherlibrarymod)
	progressionutils:template_base (from mod/justanotherlibrarymod)
	progressionutils:template_aquatic (from mod/justanotherlibrarymod)
	progressionutils:template_withered (from mod/justanotherlibrarymod)
	progressionutils:template_dragonborn (from mod/justanotherlibrarymod)
	progressionutils:template_brokonium (from mod/justanotherlibrarymod)
[26Jun2026 23:31:33.346] [Worker-Main-1/ERROR] [net.minecraft.tags.TagLoader/]: Couldn't load tag justanotherlibrarymod:crystal as it is missing following references: 
	nethermaterials:burnt_crystal (from mod/justanotherlibrarymod)
[26Jun2026 23:31:33.348] [Worker-Main-1/ERROR] [net.minecraft.tags.TagLoader/]: Couldn't load tag justanotherlibrarymod:opal as it is missing following references: 
	essentiallyopal:opal (from mod/justanotherlibrarymod)
[26Jun2026 23:31:33.349] [Worker-Main-1/ERROR] [net.minecraft.tags.TagLoader/]: Couldn't load tag justanotherlibrarymod:electrum as it is missing following references: 
	moremetals:electrum_ingot (from mod/justanotherlibrarymod)
[26Jun2026 23:31:33.350] [Worker-Main-1/ERROR] [net.minecraft.tags.TagLoader/]: Couldn't load tag justanotherlibrarymod:lucium as it is missing following references: 
	justanotheroresmod:lucium_gem (from mod/justanotherlibrarymod)
[26Jun2026 23:31:33.350] [Worker-Main-1/ERROR] [net.minecraft.tags.TagLoader/]: Couldn't load tag justanotherlibrarymod:ruby as it is missing following references: 
	essentiallyopal:ruby (from mod/justanotherlibrarymod)
[26Jun2026 23:31:33.995] [Worker-Main-1/WARN] [net.neoforged.neoforge.registries.DataMapLoader/]: Found data map file for non-existent data map type 'create_dragons_plus:fan_processing_catalysts/coloring' on registry 'minecraft:block'.
[26Jun2026 23:31:34.364] [main/INFO] [net.minecraft.world.item.crafting.RecipeManager/]: Loaded 3738 recipes
[26Jun2026 23:31:34.856] [main/INFO] [net.minecraft.advancements.AdvancementTree/]: Loaded 3346 advancements
[26Jun2026 23:31:34.885] [main/WARN] [dev.propulsionteam.propulsionsimulated.content.thruster.ThrusterFuelManager/]: [createpropulsion] Ignoring fuel config override for 'tfmg:lpg': fluid is not registered.
[26Jun2026 23:31:34.886] [main/WARN] [dev.propulsionteam.propulsionsimulated.content.thruster.ThrusterFuelManager/]: [createpropulsion] Ignoring fuel config override for 'mekanismgenerators:bioethanol': fluid is not registered.
[26Jun2026 23:31:34.886] [main/WARN] [dev.propulsionteam.propulsionsimulated.content.thruster.ThrusterFuelManager/]: [createpropulsion] Ignoring fuel config override for 'createdieselgenerators:biodiesel': fluid is not registered.
[26Jun2026 23:31:34.887] [main/WARN] [dev.propulsionteam.propulsionsimulated.content.thruster.ThrusterFuelManager/]: [createpropulsion] Ignoring fuel config override for 'immersiveengineering:ethanol': fluid is not registered.
[26Jun2026 23:31:34.887] [main/WARN] [dev.propulsionteam.propulsionsimulated.content.thruster.ThrusterFuelManager/]: [createpropulsion] Ignoring fuel config override for 'stellaris:diesel': fluid is not registered.
[26Jun2026 23:31:34.888] [main/WARN] [dev.propulsionteam.propulsionsimulated.content.thruster.ThrusterFuelManager/]: [createpropulsion] Ignoring fuel config override for 'createdieselgenerators:plant_oil': fluid is not registered.
[26Jun2026 23:31:34.888] [main/WARN] [dev.propulsionteam.propulsionsimulated.content.thruster.ThrusterFuelManager/]: [createpropulsion] Ignoring fuel config override for 'mekanism:hydrogen': fluid is not registered.
[26Jun2026 23:31:34.889] [main/WARN] [dev.propulsionteam.propulsionsimulated.content.thruster.ThrusterFuelManager/]: [createpropulsion] Ignoring fuel config override for 'immersiveengineering:biodiesel': fluid is not registered.
[26Jun2026 23:31:34.889] [main/WARN] [dev.propulsionteam.propulsionsimulated.content.thruster.ThrusterFuelManager/]: [createpropulsion] Ignoring fuel config override for 'createaddition:seed_oil': fluid is not registered.
[26Jun2026 23:31:34.890] [main/WARN] [dev.propulsionteam.propulsionsimulated.content.thruster.ThrusterFuelManager/]: [createpropulsion] Ignoring fuel config override for 'northstar:methane': fluid is not registered.
[26Jun2026 23:31:34.890] [main/WARN] [dev.propulsionteam.propulsionsimulated.content.thruster.ThrusterFuelManager/]: [createpropulsion] Ignoring fuel config override for 'tfmg:diesel': fluid is not registered.
[26Jun2026 23:31:34.891] [main/WARN] [dev.propulsionteam.propulsionsimulated.content.thruster.ThrusterFuelManager/]: [createpropulsion] Ignoring fuel config override for 'northstar:hydrocarbon': fluid is not registered.
[26Jun2026 23:31:34.891] [main/WARN] [dev.propulsionteam.propulsionsimulated.content.thruster.ThrusterFuelManager/]: [createpropulsion] Ignoring fuel config override for 'stellaris:fuel': fluid is not registered.
[26Jun2026 23:31:34.892] [main/WARN] [dev.propulsionteam.propulsionsimulated.content.thruster.ThrusterFuelManager/]: [createpropulsion] Ignoring fuel config override for 'immersiveengineering:plantoil': fluid is not registered.
[26Jun2026 23:31:34.895] [main/WARN] [dev.propulsionteam.propulsionsimulated.content.thruster.ThrusterFuelManager/]: [createpropulsion] Ignoring fuel config override for 'tfmg:gasoline': fluid is not registered.
[26Jun2026 23:31:34.896] [main/WARN] [dev.propulsionteam.propulsionsimulated.content.thruster.ThrusterFuelManager/]: [createpropulsion] Ignoring fuel config override for 'createdieselgenerators:diesel': fluid is not registered.
[26Jun2026 23:31:34.896] [main/WARN] [dev.propulsionteam.propulsionsimulated.content.thruster.ThrusterFuelManager/]: [createpropulsion] Ignoring fuel config override for 'createaddition:bioethanol': fluid is not registered.
[26Jun2026 23:31:34.897] [main/WARN] [dev.propulsionteam.propulsionsimulated.content.thruster.ThrusterFuelManager/]: [createpropulsion] Ignoring fuel config override for 'immersivepetroleum:diesel_sulfur': fluid is not registered.
[26Jun2026 23:31:34.897] [main/WARN] [dev.propulsionteam.propulsionsimulated.content.thruster.ThrusterFuelManager/]: [createpropulsion] Ignoring fuel config override for 'tfmg:kerosene': fluid is not registered.
[26Jun2026 23:31:34.900] [main/WARN] [dev.propulsionteam.propulsionsimulated.content.thruster.ThrusterFuelManager/]: [createpropulsion] Ignoring fuel config override for 'northstar:biofuel': fluid is not registered.
[26Jun2026 23:31:34.901] [main/WARN] [dev.propulsionteam.propulsionsimulated.content.thruster.ThrusterFuelManager/]: [createpropulsion] Ignoring fuel config override for 'createdieselgenerators:ethanol': fluid is not registered.
[26Jun2026 23:31:34.902] [main/WARN] [dev.propulsionteam.propulsionsimulated.content.thruster.ThrusterFuelManager/]: [createpropulsion] Ignoring fuel config override for 'tfmg:naphtha': fluid is not registered.
[26Jun2026 23:31:34.903] [main/WARN] [dev.propulsionteam.propulsionsimulated.content.thruster.ThrusterFuelManager/]: [createpropulsion] Ignoring fuel config override for 'immersiveengineering:high_power_biodiesel': fluid is not registered.
[26Jun2026 23:31:34.904] [main/WARN] [dev.propulsionteam.propulsionsimulated.content.thruster.ThrusterFuelManager/]: [createpropulsion] Ignoring fuel config override for 'createdieselgenerators:gasoline': fluid is not registered.
[26Jun2026 23:31:34.904] [main/WARN] [dev.propulsionteam.propulsionsimulated.content.thruster.ThrusterFuelManager/]: [createpropulsion] Ignoring fuel config override for 'northstar:liquid_hydrogen': fluid is not registered.
[26Jun2026 23:31:34.906] [main/INFO] [dev.propulsionteam.propulsionsimulated.content.thruster.ThrusterFuelManager/]: [createpropulsion] Thruster fuel reload (datapack_reload) complete: datapackParsed=1, datapackSkippedMissingMod=23, datapackSkippedMissingFluid=0, configAdded=1, configOverridden=0, configMissingFluid=25, mergedDatapackAndConfig=2, scriptedOverrides=0, removed=0
[26Jun2026 23:31:38.125] [Server thread/INFO] [net.minecraft.server.dedicated.DedicatedServer/]: Starting minecraft server version 1.21.1
[26Jun2026 23:31:38.127] [Server thread/INFO] [net.minecraft.server.dedicated.DedicatedServer/]: Loading properties
[26Jun2026 23:31:38.128] [Server thread/INFO] [net.minecraft.server.dedicated.DedicatedServer/]: Default game type: SURVIVAL
[26Jun2026 23:31:38.128] [Server thread/INFO] [net.minecraft.server.MinecraftServer/]: Generating keypair
[26Jun2026 23:31:38.292] [Server thread/INFO] [net.minecraft.server.dedicated.DedicatedServer/]: Starting Minecraft server on *:25565
[26Jun2026 23:31:38.365] [Server thread/INFO] [dev.ryanhcode.sable.Sable/]: Adding UDP server channel future
[26Jun2026 23:31:38.428] [Netty Epoll Server IO #0/INFO] [dev.ryanhcode.sable.Sable/]: Server UDP channel active
[26Jun2026 23:31:38.429] [Server thread/INFO] [net.minecraft.server.network.ServerConnectionListener/]: Using epoll channel type
[26Jun2026 23:31:38.475] [Server thread/INFO] [journeymap/]: Loading JourneyMap Forge Configs
[26Jun2026 23:31:38.577] [Server thread/INFO] [net.minecraft.server.dedicated.DedicatedServer/]: Preparing level "world"
[26Jun2026 23:31:38.810] [Server thread/INFO] [dev.ryanhcode.sable.Sable/]: Creating physics pipeline for ResourceKey[minecraft:dimension / minecraft:overworld] using RapierPhysicsPipelineProvider
[26Jun2026 23:31:39.690] [Server thread/INFO] [dev.ryanhcode.sable.Sable/]: Creating physics pipeline for ResourceKey[minecraft:dimension / minecraft:the_end] using RapierPhysicsPipelineProvider
[26Jun2026 23:31:46.503] [Server thread/INFO] [dev.ryanhcode.sable.Sable/]: Creating physics pipeline for ResourceKey[minecraft:dimension / minecraft:the_nether] using RapierPhysicsPipelineProvider
[26Jun2026 23:31:46.527] [Server thread/INFO] [net.minecraft.server.MinecraftServer/]: Preparing start region for dimension minecraft:overworld
[26Jun2026 23:31:47.081] [Worker-Main-1/INFO] [net.minecraft.server.level.progress.LoggerChunkProgressListener/]: Preparing spawn area: 0%
[26Jun2026 23:31:47.083] [Worker-Main-1/INFO] [net.minecraft.server.level.progress.LoggerChunkProgressListener/]: Preparing spawn area: 0%
[26Jun2026 23:31:47.398] [Server thread/INFO] [net.minecraft.server.level.progress.LoggerChunkProgressListener/]: Time elapsed: 871 ms
[26Jun2026 23:31:47.398] [Server thread/INFO] [net.minecraft.server.dedicated.DedicatedServer/]: Done (8.938s)! For help, type "help"
[26Jun2026 23:31:47.420] [Server thread/WARN] [net.minecraft.server.packs.PathPackResources/]: Non [a-z0-9_.-] character in namespace LICENSE in pack , ignoring
[26Jun2026 23:31:47.424] [Server thread/WARN] [net.minecraft.server.packs.PathPackResources/]: Non [a-z0-9_.-] character in namespace LICENSE in pack , ignoring
[26Jun2026 23:31:47.540] [Server thread/INFO] [net.neoforged.neoforge.server.permission.PermissionAPI/]: Successfully initialized permission handler neoforge:default_handler
[26Jun2026 23:31:47.546] [Server thread/INFO] [journeymap/]: Loaded null for service interface journeymap.api.services.WebMapService
[26Jun2026 23:31:47.548] [Server thread/INFO] [journeymap/]: Loaded journeymap.common.helpers.NeoForgeClientHooks@533219c2 for service interface journeymap.api.services.ClientPlatformService
[26Jun2026 23:31:47.550] [Server thread/INFO] [journeymap/]: Loaded journeymap.common.helpers.NeoForgeHooks@60404c60 for service interface journeymap.api.services.CommonPlatformService
[26Jun2026 23:31:47.575] [Server thread/INFO] [journeymap/]: Found @JourneyMapPlugin: journeymap.api.plugins.LoadedChunkOverlayPlugin
[26Jun2026 23:31:47.577] [Server thread/INFO] [dwm/]: Loaded "87b1e970-1540-4cbe-a236-408ea335090f"
[26Jun2026 23:31:47.579] [Server thread/INFO] [dev.ryanhcode.sable.Sable/]: Creating physics pipeline for ResourceKey[minecraft:dimension / dwm:87b1e970-1540-4cbe-a236-408ea335090f] using RapierPhysicsPipelineProvider
[26Jun2026 23:31:47.603] [Server thread/INFO] [dwm/]: Loaded "5bee50a3-ce65-47d0-81f7-d83336616313"
[26Jun2026 23:31:47.604] [Server thread/INFO] [dev.ryanhcode.sable.Sable/]: Creating physics pipeline for ResourceKey[minecraft:dimension / dwm:5bee50a3-ce65-47d0-81f7-d83336616313] using RapierPhysicsPipelineProvider
[26Jun2026 23:31:47.634] [Server thread/INFO] [journeymap/]: Initialized IJourneyMapPlugin as:journeymap.api.plugins.LoadedChunkOverlayPlugin: for:journeymap_chunk_overlay
[26Jun2026 23:31:53.619] [Worker-Main-1/INFO] [net.minecraft.server.level.progress.LoggerChunkProgressListener/]: Preparing spawn area: 0%
[26Jun2026 23:31:53.620] [Worker-Main-1/INFO] [net.minecraft.server.level.progress.LoggerChunkProgressListener/]: Preparing spawn area: 0%
[26Jun2026 23:31:53.623] [Worker-Main-1/INFO] [net.minecraft.server.level.progress.LoggerChunkProgressListener/]: Preparing spawn area: 0%
[26Jun2026 23:31:53.623] [Worker-Main-1/INFO] [net.minecraft.server.level.progress.LoggerChunkProgressListener/]: Preparing spawn area: 0%
[26Jun2026 23:31:53.623] [Worker-Main-1/INFO] [net.minecraft.server.level.progress.LoggerChunkProgressListener/]: Preparing spawn area: 0%
[26Jun2026 23:31:53.624] [Worker-Main-1/INFO] [net.minecraft.server.level.progress.LoggerChunkProgressListener/]: Preparing spawn area: 0%
[26Jun2026 23:31:53.624] [Worker-Main-1/INFO] [net.minecraft.server.level.progress.LoggerChunkProgressListener/]: Preparing spawn area: 0%
[26Jun2026 23:31:53.625] [Worker-Main-1/INFO] [net.minecraft.server.level.progress.LoggerChunkProgressListener/]: Preparing spawn area: 0%
[26Jun2026 23:31:53.626] [Worker-Main-1/INFO] [net.minecraft.server.level.progress.LoggerChunkProgressListener/]: Preparing spawn area: 0%
[26Jun2026 23:31:53.629] [Worker-Main-1/INFO] [net.minecraft.server.level.progress.LoggerChunkProgressListener/]: Preparing spawn area: 0%
[26Jun2026 23:31:53.630] [Worker-Main-1/INFO] [net.minecraft.server.level.progress.LoggerChunkProgressListener/]: Preparing spawn area: 0%
[26Jun2026 23:31:53.630] [Worker-Main-1/INFO] [net.minecraft.server.level.progress.LoggerChunkProgressListener/]: Preparing spawn area: 0%
[26Jun2026 23:31:53.631] [Worker-Main-1/INFO] [net.minecraft.server.level.progress.LoggerChunkProgressListener/]: Preparing spawn area: 0%
[26Jun2026 23:31:54.104] [Worker-Main-1/INFO] [net.minecraft.server.level.progress.LoggerChunkProgressListener/]: Preparing spawn area: 52%
